<?xml version="1.0" encoding="UTF-8"?>
<!-- Generated by org.testng.reporters.JUnitXMLReporter -->
<testsuite ignored="3" hostname="DacPCGkim" failures="1" tests="1" name="Verify that the case can change from assign to approved when click assign button after save all required field by provider." time="72.076" errors="0" timestamp="2022-11-29T16:23:11 ICT">
  <testcase classname="com.scripts.CGM" name="CGM_assign_to_approve" time="68.904">
    <failure type="org.openqa.selenium.ElementClickInterceptedException" message="element click intercepted: Element &amp;lt;button class=&amp;quot;swal-button swal-button--confirm&amp;quot;&amp;gt;...&amp;lt;/button&amp;gt; is not clickable at point (1025, 500). Other element would receive the click: &amp;lt;input aria-required=&amp;quot;false&amp;quot; aria-labelledby=&amp;quot;l-e8s2zgs-patient_last_name&amp;quot; id=&amp;quot;e8s2zgs-patient_last_name&amp;quot; value=&amp;quot;cgm&amp;quot; spellcheck=&amp;quot;true&amp;quot; disabled=&amp;quot;disabled&amp;quot; lang=&amp;quot;en&amp;quot; class=&amp;quot;form-control&amp;quot; type=&amp;quot;text&amp;quot; name=&amp;quot;data[patient_last_name]&amp;quot; ref=&amp;quot;input&amp;quot;&amp;gt;
  (Session info: chrome=107.0.5304.121)
Build info: version: &amp;apos;4.0.0&amp;apos;, revision: &amp;apos;3a21814679&amp;apos;
System info: host: &amp;apos;DACPCGKIM&amp;apos;, ip: &amp;apos;192.168.1.52&amp;apos;, os.name: &amp;apos;Windows 10&amp;apos;, os.arch: &amp;apos;amd64&amp;apos;, os.version: &amp;apos;10.0&amp;apos;, java.version: &amp;apos;17.0.3&amp;apos;
Driver info: org.openqa.selenium.chrome.ChromeDriver
Command: [1910ca8e35e695d45c9b76b0d36eb1bc, clickElement {id=277c1324-3f2c-406d-b36d-1666bd74cb80}]
Capabilities {acceptInsecureCerts: false, browserName: chrome, browserVersion: 107.0.5304.121, chrome: {chromedriverVersion: 106.0.5249.61 (511755355844..., userDataDir: C:\Users\dac\AppData\Local\...}, goog:chromeOptions: {debuggerAddress: localhost:57627}, javascriptEnabled: true, networkConnectionEnabled: false, pageLoadStrategy: normal, platform: WINDOWS, platformName: WINDOWS, proxy: Proxy(), se:cdp: ws://localhost:57627/devtoo..., se:cdpVersion: 107.0.5304.121, setWindowRect: true, strictFileInteractability: false, timeouts: {implicit: 0, pageLoad: 300000, script: 30000}, unhandledPromptBehavior: dismiss and notify, webauthn:extension:credBlob: true, webauthn:extension:largeBlob: true, webauthn:virtualAuthenticators: true}
Element: [[ChromeDriver: chrome on WINDOWS (1910ca8e35e695d45c9b76b0d36eb1bc)] -&amp;gt; xpath: .//button[text()=&amp;apos;Yes&amp;apos;]]
Session ID: 1910ca8e35e695d45c9b76b0d36eb1bc">
      <![CDATA[org.openqa.selenium.ElementClickInterceptedException: element click intercepted: Element <button class="swal-button swal-button--confirm">...</button> is not clickable at point (1025, 500). Other element would receive the click: <input aria-required="false" aria-labelledby="l-e8s2zgs-patient_last_name" id="e8s2zgs-patient_last_name" value="cgm" spellcheck="true" disabled="disabled" lang="en" class="form-control" type="text" name="data[patient_last_name]" ref="input">
  (Session info: chrome=107.0.5304.121)
Build info: version: '4.0.0', revision: '3a21814679'
System info: host: 'DACPCGKIM', ip: '192.168.1.52', os.name: 'Windows 10', os.arch: 'amd64', os.version: '10.0', java.version: '17.0.3'
Driver info: org.openqa.selenium.chrome.ChromeDriver
Command: [1910ca8e35e695d45c9b76b0d36eb1bc, clickElement {id=277c1324-3f2c-406d-b36d-1666bd74cb80}]
Capabilities {acceptInsecureCerts: false, browserName: chrome, browserVersion: 107.0.5304.121, chrome: {chromedriverVersion: 106.0.5249.61 (511755355844..., userDataDir: C:\Users\dac\AppData\Local\...}, goog:chromeOptions: {debuggerAddress: localhost:57627}, javascriptEnabled: true, networkConnectionEnabled: false, pageLoadStrategy: normal, platform: WINDOWS, platformName: WINDOWS, proxy: Proxy(), se:cdp: ws://localhost:57627/devtoo..., se:cdpVersion: 107.0.5304.121, setWindowRect: true, strictFileInteractability: false, timeouts: {implicit: 0, pageLoad: 300000, script: 30000}, unhandledPromptBehavior: dismiss and notify, webauthn:extension:credBlob: true, webauthn:extension:largeBlob: true, webauthn:virtualAuthenticators: true}
Element: [[ChromeDriver: chrome on WINDOWS (1910ca8e35e695d45c9b76b0d36eb1bc)] -> xpath: .//button[text()='Yes']]
Session ID: 1910ca8e35e695d45c9b76b0d36eb1bc
at org.openqa.selenium.remote.codec.w3c.W3CHttpResponseCodec.createException(W3CHttpResponseCodec.java:200)
at org.openqa.selenium.remote.codec.w3c.W3CHttpResponseCodec.decode(W3CHttpResponseCodec.java:133)
at org.openqa.selenium.remote.codec.w3c.W3CHttpResponseCodec.decode(W3CHttpResponseCodec.java:53)
at org.openqa.selenium.remote.HttpCommandExecutor.execute(HttpCommandExecutor.java:184)
at org.openqa.selenium.remote.service.DriverCommandExecutor.invokeExecute(DriverCommandExecutor.java:164)
at org.openqa.selenium.remote.service.DriverCommandExecutor.execute(DriverCommandExecutor.java:139)
at org.openqa.selenium.remote.RemoteWebDriver.execute(RemoteWebDriver.java:559)
at org.openqa.selenium.remote.RemoteWebElement.execute(RemoteWebElement.java:251)
at org.openqa.selenium.remote.RemoteWebElement.click(RemoteWebElement.java:77)
at com.frame.assign_to_approved.CGM_to_approve(assign_to_approved.java:897)
at com.scripts.CGM.CGM_assign_to_approve(CGM.java:114)
at java.base/java.util.ArrayList.forEach(ArrayList.java:1511)
... Removed 32 stack frames]]>
    </failure>
  </testcase> <!-- CGM_assign_to_approve -->
  <testcase classname="com.scripts.CGM" name="CGM_new_to_assign" time="0.0">
    <ignored/>
  </testcase> <!-- CGM_new_to_assign -->
  <testcase classname="com.scripts.CGM" name="complete" time="0.0">
    <ignored/>
  </testcase> <!-- complete -->
  <testcase classname="com.scripts.CGM" name="CGM_create_case" time="0.0">
    <ignored/>
  </testcase> <!-- CGM_create_case -->
</testsuite> <!-- Verify that the case can change from assign to approved when click assign button after save all required field by provider. -->
